0 info it worked if it ends with ok
1 verbose cli [ '/Users/luisramos/.nvm/versions/node/v0.12.14/bin/node',
1 verbose cli   '/Users/luisramos/.nvm/versions/node/v0.12.14/bin/npm',
1 verbose cli   'run',
1 verbose cli   'build' ]
2 info using npm@2.15.1
3 info using node@v0.12.14
4 verbose stack Error: ENOENT, open '/Users/luisramos/Desktop/MOVIL/img/package.json'
4 verbose stack     at Error (native)
5 verbose cwd /Users/luisramos/Desktop/MOVIL/img
6 error Darwin 15.4.0
7 error argv "/Users/luisramos/.nvm/versions/node/v0.12.14/bin/node" "/Users/luisramos/.nvm/versions/node/v0.12.14/bin/npm" "run" "build"
8 error node v0.12.14
9 error npm  v2.15.1
10 error path /Users/luisramos/Desktop/MOVIL/img/package.json
11 error code ENOENT
12 error errno -2
13 error enoent ENOENT, open '/Users/luisramos/Desktop/MOVIL/img/package.json'
13 error enoent This is most likely not a problem with npm itself
13 error enoent and is related to npm not being able to find a file.
14 verbose exit [ -2, true ]
